INFO 2019-08-06 14:03:49,580 autoreload 597 Watching for file changes with StatReloader
INFO 2019-08-06 14:05:24,756 autoreload 597 Watching for file changes with StatReloader
INFO 2019-08-06 14:05:28,810 basehttp 154 "GET / HTTP/1.1" 200 16348
WARNING 2019-08-06 14:05:30,078 log 228 Not Found: /favicon.ico
WARNING 2019-08-06 14:05:30,081 basehttp 154 "GET /favicon.ico HTTP/1.1" 404 1974
ERROR 2019-08-06 16:44:32,142 exception 77 Invalid HTTP_HOST header: 'www.luffycity.cn:8000'. You may need to add 'www.luffycity.cn' to ALLOWED_HOSTS.
WARNING 2019-08-06 16:44:32,250 log 228 Bad Request: /
WARNING 2019-08-06 16:44:32,251 basehttp 154 "GET / HTTP/1.1" 400 68749
ERROR 2019-08-06 16:44:32,541 exception 77 Invalid HTTP_HOST header: 'www.luffycity.cn:8000'. You may need to add 'www.luffycity.cn' to ALLOWED_HOSTS.
WARNING 2019-08-06 16:44:32,586 log 228 Bad Request: /favicon.ico
WARNING 2019-08-06 16:44:32,587 basehttp 154 "GET /favicon.ico HTTP/1.1" 400 68801
ERROR 2019-08-06 16:45:44,387 exception 77 Invalid HTTP_HOST header: 'www.luffycity.cn:8000'. You may need to add 'www.luffycity.cn' to ALLOWED_HOSTS.
WARNING 2019-08-06 16:45:44,424 log 228 Bad Request: /
WARNING 2019-08-06 16:45:44,426 basehttp 154 "GET / HTTP/1.1" 400 68884
ERROR 2019-08-06 16:45:44,538 exception 77 Invalid HTTP_HOST header: 'www.luffycity.cn:8000'. You may need to add 'www.luffycity.cn' to ALLOWED_HOSTS.
WARNING 2019-08-06 16:45:44,597 log 228 Bad Request: /favicon.ico
WARNING 2019-08-06 16:45:44,600 basehttp 154 "GET /favicon.ico HTTP/1.1" 400 68801
ERROR 2019-08-06 16:45:46,352 exception 77 Invalid HTTP_HOST header: 'www.luffycity.cn:8000'. You may need to add 'www.luffycity.cn' to ALLOWED_HOSTS.
WARNING 2019-08-06 16:45:46,418 log 228 Bad Request: /
WARNING 2019-08-06 16:45:46,419 basehttp 154 "GET / HTTP/1.1" 400 68884
ERROR 2019-08-06 16:45:46,557 exception 77 Invalid HTTP_HOST header: 'www.luffycity.cn:8000'. You may need to add 'www.luffycity.cn' to ALLOWED_HOSTS.
WARNING 2019-08-06 16:45:46,606 log 228 Bad Request: /favicon.ico
WARNING 2019-08-06 16:45:46,607 basehttp 154 "GET /favicon.ico HTTP/1.1" 400 68801
ERROR 2019-08-06 16:45:47,622 exception 77 Invalid HTTP_HOST header: 'www.luffycity.cn:8000'. You may need to add 'www.luffycity.cn' to ALLOWED_HOSTS.
WARNING 2019-08-06 16:45:47,682 log 228 Bad Request: /
WARNING 2019-08-06 16:45:47,683 basehttp 154 "GET / HTTP/1.1" 400 68884
ERROR 2019-08-06 16:45:47,850 exception 77 Invalid HTTP_HOST header: 'www.luffycity.cn:8000'. You may need to add 'www.luffycity.cn' to ALLOWED_HOSTS.
WARNING 2019-08-06 16:45:47,899 log 228 Bad Request: /favicon.ico
WARNING 2019-08-06 16:45:47,906 basehttp 154 "GET /favicon.ico HTTP/1.1" 400 68801
ERROR 2019-08-06 16:45:48,865 exception 77 Invalid HTTP_HOST header: 'www.luffycity.cn:8000'. You may need to add 'www.luffycity.cn' to ALLOWED_HOSTS.
WARNING 2019-08-06 16:45:48,905 log 228 Bad Request: /
WARNING 2019-08-06 16:45:48,906 basehttp 154 "GET / HTTP/1.1" 400 68884
ERROR 2019-08-06 16:45:49,095 exception 77 Invalid HTTP_HOST header: 'www.luffycity.cn:8000'. You may need to add 'www.luffycity.cn' to ALLOWED_HOSTS.
WARNING 2019-08-06 16:45:49,133 log 228 Bad Request: /favicon.ico
WARNING 2019-08-06 16:45:49,135 basehttp 154 "GET /favicon.ico HTTP/1.1" 400 68801
ERROR 2019-08-06 16:45:55,682 exception 77 Invalid HTTP_HOST header: 'www.luffycity.cn:8000'. You may need to add 'www.luffycity.cn' to ALLOWED_HOSTS.
WARNING 2019-08-06 16:45:55,720 log 228 Bad Request: /
WARNING 2019-08-06 16:45:55,721 basehttp 154 "GET / HTTP/1.1" 400 68884
ERROR 2019-08-06 16:45:55,810 exception 77 Invalid HTTP_HOST header: 'www.luffycity.cn:8000'. You may need to add 'www.luffycity.cn' to ALLOWED_HOSTS.
WARNING 2019-08-06 16:45:55,858 log 228 Bad Request: /favicon.ico
WARNING 2019-08-06 16:45:55,860 basehttp 154 "GET /favicon.ico HTTP/1.1" 400 68801
ERROR 2019-08-06 16:45:56,957 exception 77 Invalid HTTP_HOST header: 'www.luffycity.cn:8000'. You may need to add 'www.luffycity.cn' to ALLOWED_HOSTS.
WARNING 2019-08-06 16:45:57,000 log 228 Bad Request: /
WARNING 2019-08-06 16:45:57,000 basehttp 154 "GET / HTTP/1.1" 400 68884
ERROR 2019-08-06 16:45:57,092 exception 77 Invalid HTTP_HOST header: 'www.luffycity.cn:8000'. You may need to add 'www.luffycity.cn' to ALLOWED_HOSTS.
WARNING 2019-08-06 16:45:57,131 log 228 Bad Request: /favicon.ico
WARNING 2019-08-06 16:45:57,132 basehttp 154 "GET /favicon.ico HTTP/1.1" 400 68801
ERROR 2019-08-06 16:46:31,093 exception 77 Invalid HTTP_HOST header: 'api.luffycity.cn:8000'. You may need to add 'api.luffycity.cn' to ALLOWED_HOSTS.
WARNING 2019-08-06 16:46:31,139 log 228 Bad Request: /
WARNING 2019-08-06 16:46:31,141 basehttp 154 "GET / HTTP/1.1" 400 68749
ERROR 2019-08-06 16:46:31,330 exception 77 Invalid HTTP_HOST header: 'api.luffycity.cn:8000'. You may need to add 'api.luffycity.cn' to ALLOWED_HOSTS.
WARNING 2019-08-06 16:46:31,379 log 228 Bad Request: /favicon.ico
WARNING 2019-08-06 16:46:31,380 basehttp 154 "GET /favicon.ico HTTP/1.1" 400 68801
INFO 2019-08-06 16:47:21,286 autoreload 217 /home/moluo/Desktop/luffycity/luffyapi/luffyapi/settings/dev.py changed, reloading.
INFO 2019-08-06 16:47:22,624 autoreload 597 Watching for file changes with StatReloader
INFO 2019-08-06 16:47:25,603 basehttp 154 "GET / HTTP/1.1" 200 16348
INFO 2019-08-06 16:47:25,643 basehttp 154 "GET /static/admin/css/fonts.css HTTP/1.1" 200 423
INFO 2019-08-06 16:47:25,817 basehttp 154 "GET /static/admin/fonts/Roboto-Regular-webfont.woff HTTP/1.1" 200 85876
INFO 2019-08-06 16:47:25,829 basehttp 154 "GET /static/admin/fonts/Roboto-Bold-webfont.woff HTTP/1.1" 200 86184
INFO 2019-08-06 16:47:25,844 basehttp 154 "GET /static/admin/fonts/Roboto-Light-webfont.woff HTTP/1.1" 200 85692
WARNING 2019-08-06 16:47:25,849 log 228 Not Found: /favicon.ico
WARNING 2019-08-06 16:47:25,850 basehttp 154 "GET /favicon.ico HTTP/1.1" 404 1981
INFO 2019-08-06 16:54:15,281 autoreload 217 /home/moluo/Desktop/luffycity/luffyapi/luffyapi/settings/dev.py changed, reloading.
INFO 2019-08-06 16:54:15,899 autoreload 597 Watching for file changes with StatReloader
INFO 2019-08-07 07:07:58,771 autoreload 597 Watching for file changes with StatReloader
INFO 2019-08-07 07:09:33,838 autoreload 597 Watching for file changes with StatReloader
ERROR 2019-08-07 07:09:38,116 exception 77 Invalid HTTP_HOST header: '127.0.0.1:8000'. You may need to add '127.0.0.1' to ALLOWED_HOSTS.
WARNING 2019-08-07 07:09:38,174 log 228 Bad Request: /
WARNING 2019-08-07 07:09:38,176 basehttp 154 "GET / HTTP/1.1" 400 69833
ERROR 2019-08-07 07:09:39,607 exception 77 Invalid HTTP_HOST header: '127.0.0.1:8000'. You may need to add '127.0.0.1' to ALLOWED_HOSTS.
WARNING 2019-08-07 07:09:39,648 log 228 Bad Request: /favicon.ico
WARNING 2019-08-07 07:09:39,654 basehttp 154 "GET /favicon.ico HTTP/1.1" 400 69878
ERROR 2019-08-07 07:09:40,110 exception 77 Invalid HTTP_HOST header: '127.0.0.1:8000'. You may need to add '127.0.0.1' to ALLOWED_HOSTS.
WARNING 2019-08-07 07:09:40,240 log 228 Bad Request: /
WARNING 2019-08-07 07:09:40,241 basehttp 154 "GET / HTTP/1.1" 400 69833
ERROR 2019-08-07 07:09:40,535 exception 77 Invalid HTTP_HOST header: '127.0.0.1:8000'. You may need to add '127.0.0.1' to ALLOWED_HOSTS.
WARNING 2019-08-07 07:09:40,590 log 228 Bad Request: /favicon.ico
WARNING 2019-08-07 07:09:40,603 basehttp 154 "GET /favicon.ico HTTP/1.1" 400 69878
INFO 2019-08-07 07:10:44,491 autoreload 597 Watching for file changes with StatReloader
INFO 2019-08-07 07:10:47,943 basehttp 154 "GET / HTTP/1.1" 200 16348
INFO 2019-08-07 07:10:48,317 basehttp 154 "GET /static/admin/css/fonts.css HTTP/1.1" 304 0
INFO 2019-08-07 07:10:48,550 basehttp 154 "GET /static/admin/fonts/Roboto-Bold-webfont.woff HTTP/1.1" 304 0
INFO 2019-08-07 07:10:48,551 basehttp 154 "GET /static/admin/fonts/Roboto-Regular-webfont.woff HTTP/1.1" 304 0
INFO 2019-08-07 07:10:48,559 basehttp 154 "GET /static/admin/fonts/Roboto-Light-webfont.woff HTTP/1.1" 304 0
WARNING 2019-08-07 07:10:48,642 log 228 Not Found: /favicon.ico
WARNING 2019-08-07 07:10:48,646 basehttp 154 "GET /favicon.ico HTTP/1.1" 404 1981
INFO 2019-08-07 07:48:35,518 autoreload 217 /home/moluo/Desktop/luffycity/luffyapi/luffyapi/settings/dev.py changed, reloading.
INFO 2019-08-07 07:48:36,221 autoreload 597 Watching for file changes with StatReloader
INFO 2019-08-07 08:04:55,272 autoreload 217 /home/moluo/Desktop/luffycity/luffyapi/luffyapi/settings/dev.py changed, reloading.
INFO 2019-08-07 08:04:55,988 autoreload 597 Watching for file changes with StatReloader
INFO 2019-08-07 08:39:36,479 autoreload 217 /home/moluo/Desktop/luffycity/luffyapi/luffyapi/apps/home/models.py changed, reloading.
INFO 2019-08-07 08:39:37,278 autoreload 597 Watching for file changes with StatReloader
INFO 2019-08-07 08:46:17,488 autoreload 217 /home/moluo/Desktop/luffycity/luffyapi/luffyapi/urls.py changed, reloading.
INFO 2019-08-07 08:46:19,003 autoreload 597 Watching for file changes with StatReloader
INFO 2019-08-07 08:50:29,176 autoreload 217 /home/moluo/Desktop/luffycity/luffyapi/luffyapi/apps/home/urls.py changed, reloading.
INFO 2019-08-07 08:50:30,173 autoreload 597 Watching for file changes with StatReloader
INFO 2019-08-07 08:51:34,478 autoreload 217 /home/moluo/Desktop/luffycity/luffyapi/luffyapi/apps/home/views.py changed, reloading.
INFO 2019-08-07 08:51:35,064 autoreload 597 Watching for file changes with StatReloader
INFO 2019-08-07 08:52:36,642 autoreload 597 Watching for file changes with StatReloader
INFO 2019-08-07 08:52:51,940 autoreload 597 Watching for file changes with StatReloader
INFO 2019-08-07 08:53:30,789 autoreload 217 /home/moluo/Desktop/luffycity/luffyapi/luffyapi/apps/home/urls.py changed, reloading.
INFO 2019-08-07 08:53:31,339 autoreload 597 Watching for file changes with StatReloader
INFO 2019-08-07 08:53:35,471 autoreload 597 Watching for file changes with StatReloader
WARNING 2019-08-07 08:53:40,692 log 228 Not Found: /
WARNING 2019-08-07 08:53:40,734 basehttp 154 "GET / HTTP/1.1" 404 2031
WARNING 2019-08-07 08:53:52,300 log 228 Not Found: /
WARNING 2019-08-07 08:53:52,304 basehttp 154 "GET / HTTP/1.1" 404 2031
WARNING 2019-08-07 08:53:57,959 log 228 Not Found: /
WARNING 2019-08-07 08:53:57,959 basehttp 154 "GET / HTTP/1.1" 404 2031
WARNING 2019-08-07 08:54:03,197 log 228 Not Found: /
WARNING 2019-08-07 08:54:03,197 basehttp 154 "GET / HTTP/1.1" 404 2031
INFO 2019-08-07 08:55:55,452 autoreload 597 Watching for file changes with StatReloader
WARNING 2019-08-07 08:55:59,430 log 228 Not Found: /
WARNING 2019-08-07 08:55:59,434 basehttp 154 "GET / HTTP/1.1" 404 2031
INFO 2019-08-07 08:57:04,871 autoreload 597 Watching for file changes with StatReloader
WARNING 2019-08-07 08:57:10,617 log 228 Not Found: /
WARNING 2019-08-07 08:57:10,617 basehttp 154 "GET / HTTP/1.1" 404 2031
WARNING 2019-08-07 08:57:14,554 log 228 Not Found: /
WARNING 2019-08-07 08:57:14,554 basehttp 154 "GET / HTTP/1.1" 404 2031
WARNING 2019-08-07 08:57:28,058 log 228 Not Found: /
WARNING 2019-08-07 08:57:28,058 basehttp 154 "GET / HTTP/1.1" 404 2031
WARNING 2019-08-07 08:57:35,324 log 228 Not Found: /
WARNING 2019-08-07 08:57:35,325 basehttp 154 "GET / HTTP/1.1" 404 2031
INFO 2019-08-07 08:57:46,740 autoreload 217 /home/moluo/Desktop/luffycity/luffyapi/luffyapi/urls.py changed, reloading.
INFO 2019-08-07 08:57:47,191 autoreload 597 Watching for file changes with StatReloader
INFO 2019-08-07 08:57:47,753 basehttp 154 "GET / HTTP/1.1" 200 5200
INFO 2019-08-07 08:57:47,796 basehttp 154 "GET /static/rest_framework/css/bootstrap-tweaks.css HTTP/1.1" 200 3385
INFO 2019-08-07 08:57:47,805 basehttp 154 "GET /static/rest_framework/js/csrf.js HTTP/1.1" 200 1719
INFO 2019-08-07 08:57:47,811 basehttp 154 "GET /static/rest_framework/js/jquery-3.4.1.min.js HTTP/1.1" 200 88145
INFO 2019-08-07 08:57:47,812 basehttp 154 "GET /static/rest_framework/css/prettify.css HTTP/1.1" 200 817
INFO 2019-08-07 08:57:47,813 basehttp 154 "GET /static/rest_framework/css/default.css HTTP/1.1" 200 1131
INFO 2019-08-07 08:57:47,817 basehttp 154 "GET /static/rest_framework/css/bootstrap.min.css HTTP/1.1" 200 121457
INFO 2019-08-07 08:57:47,821 basehttp 154 "GET /static/rest_framework/js/prettify-min.js HTTP/1.1" 200 13632
INFO 2019-08-07 08:57:47,822 basehttp 154 "GET /static/rest_framework/js/default.js HTTP/1.1" 200 1268
INFO 2019-08-07 08:57:47,823 basehttp 154 "GET /static/rest_framework/js/bootstrap.min.js HTTP/1.1" 200 37608
INFO 2019-08-07 08:57:47,825 basehttp 154 "GET /static/rest_framework/js/ajax-form.js HTTP/1.1" 200 3597
INFO 2019-08-07 08:57:47,921 basehttp 154 "GET /static/rest_framework/img/grid.png HTTP/1.1" 200 1458
INFO 2019-08-07 09:43:38,096 autoreload 217 /home/moluo/Desktop/luffycity/luffyapi/luffyapi/settings/dev.py changed, reloading.
INFO 2019-08-07 17:43:38,993 autoreload 597 Watching for file changes with StatReloader
INFO 2019-08-07 17:44:45,957 autoreload 217 /home/moluo/Desktop/luffycity/luffyapi/luffyapi/settings/dev.py changed, reloading.
INFO 2019-08-07 17:44:46,664 autoreload 597 Watching for file changes with StatReloader
INFO 2019-08-07 17:47:08,348 autoreload 597 Watching for file changes with StatReloader
INFO 2019-08-07 17:47:12,893 basehttp 154 "GET / HTTP/1.1" 200 5200
INFO 2019-08-07 17:47:21,369 basehttp 154 "GET /xadmin HTTP/1.1" 301 0
INFO 2019-08-07 17:47:21,441 basehttp 154 "GET /xadmin/ HTTP/1.1" 200 4151
INFO 2019-08-07 17:47:21,550 basehttp 154 "GET /static/xadmin/vendor/font-awesome/css/font-awesome.css HTTP/1.1" 200 21658
INFO 2019-08-07 17:47:21,550 basehttp 154 "GET /static/xadmin/css/xadmin.plugins.css HTTP/1.1" 200 175
INFO 2019-08-07 17:47:21,552 basehttp 154 "GET /static/xadmin/css/themes/bootstrap-xadmin.css HTTP/1.1" 200 1888
INFO 2019-08-07 17:47:21,558 basehttp 154 "GET /static/xadmin/vendor/bootstrap/css/bootstrap.css HTTP/1.1" 200 126432
INFO 2019-08-07 17:47:21,558 basehttp 154 "GET /static/xadmin/css/xadmin.main.css HTTP/1.1" 200 8376
INFO 2019-08-07 17:47:21,573 basehttp 154 "GET /static/xadmin/vendor/jquery-ui/jquery.ui.widget.js HTTP/1.1" 200 15069
INFO 2019-08-07 17:47:21,574 basehttp 154 "GET /static/xadmin/vendor/jquery/jquery.js HTTP/1.1" 200 240196
INFO 2019-08-07 17:47:21,574 basehttp 154 "GET /static/xadmin/css/xadmin.responsive.css HTTP/1.1" 200 4361
INFO 2019-08-07 17:47:21,590 basehttp 154 "GET /static/xadmin/vendor/jquery-ui/jquery.ui.core.js HTTP/1.1" 200 8195
INFO 2019-08-07 17:47:21,607 basehttp 154 "GET /static/xadmin/vendor/jquery-ui/jquery.ui.mouse.js HTTP/1.1" 200 4561
INFO 2019-08-07 17:47:21,609 basehttp 154 "GET /static/xadmin/vendor/jquery-ui/jquery.ui.sortable.js HTTP/1.1" 200 42543
INFO 2019-08-07 17:47:21,618 basehttp 154 "GET /xadmin/jsi18n/ HTTP/1.1" 200 4158
INFO 2019-08-07 17:47:21,626 basehttp 154 "GET /static/xadmin/js/xadmin.main.js HTTP/1.1" 200 3401
INFO 2019-08-07 17:47:21,627 basehttp 154 "GET /static/xadmin/vendor/bootstrap/js/bootstrap.js HTTP/1.1" 200 58327
INFO 2019-08-07 17:47:21,638 basehttp 154 "GET /static/xadmin/js/xadmin.responsive.js HTTP/1.1" 200 4165
INFO 2019-08-07 17:47:21,811 basehttp 154 "GET /static/xadmin/vendor/font-awesome/fonts/fontawesome-webfont.woff?v=4.0.3 HTTP/1.1" 200 44432
INFO 2019-08-07 17:48:59,565 basehttp 154 "POST /xadmin/ HTTP/1.1" 302 0
INFO 2019-08-07 17:48:59,619 basehttp 154 "GET /xadmin/ HTTP/1.1" 200 9820
INFO 2019-08-07 17:48:59,707 basehttp 154 "GET /static/xadmin/css/xadmin.page.dashboard.css HTTP/1.1" 200 790
INFO 2019-08-07 17:48:59,708 basehttp 154 "GET /static/xadmin/js/xadmin.page.dashboard.js HTTP/1.1" 200 3208
INFO 2019-08-07 17:48:59,713 basehttp 154 "GET /static/xadmin/js/xadmin.plugin.portal.js HTTP/1.1" 200 1000
INFO 2019-08-07 17:48:59,718 basehttp 154 "GET /xadmin/jsi18n/ HTTP/1.1" 200 7722
INFO 2019-08-07 17:49:08,384 basehttp 154 "GET /xadmin/auth/user/ HTTP/1.1" 200 29380
INFO 2019-08-07 17:49:08,429 basehttp 154 "GET /static/xadmin/js/xadmin.plugin.actions.js HTTP/1.1" 200 4198
INFO 2019-08-07 17:49:08,430 basehttp 154 "GET /static/xadmin/js/xadmin.plugin.bookmark.js HTTP/1.1" 200 529
INFO 2019-08-07 17:49:08,431 basehttp 154 "GET /static/xadmin/css/xadmin.form.css HTTP/1.1" 200 3763
INFO 2019-08-07 17:49:08,432 basehttp 154 "GET /static/xadmin/js/xadmin.plugin.filters.js HTTP/1.1" 200 1990
INFO 2019-08-07 17:49:08,432 basehttp 154 "GET /static/xadmin/js/xadmin.plugin.details.js HTTP/1.1" 200 2319
INFO 2019-08-07 17:49:08,454 basehttp 154 "GET /static/xadmin/vendor/font-awesome/css/font-awesome.css HTTP/1.1" 304 0
INFO 2019-08-07 17:49:08,455 basehttp 154 "GET /static/xadmin/vendor/bootstrap/css/bootstrap.css HTTP/1.1" 304 0
INFO 2019-08-07 17:49:08,461 basehttp 154 "GET /static/xadmin/css/xadmin.main.css HTTP/1.1" 304 0
INFO 2019-08-07 17:49:08,461 basehttp 154 "GET /xadmin/jsi18n/ HTTP/1.1" 200 7722
INFO 2019-08-07 17:49:08,462 basehttp 154 "GET /static/xadmin/css/themes/bootstrap-xadmin.css HTTP/1.1" 304 0
INFO 2019-08-07 17:49:08,463 basehttp 154 "GET /static/xadmin/css/xadmin.plugins.css HTTP/1.1" 304 0
INFO 2019-08-07 17:49:08,485 basehttp 154 "GET /static/xadmin/css/xadmin.responsive.css HTTP/1.1" 304 0
INFO 2019-08-07 17:49:08,500 basehttp 154 "GET /static/xadmin/js/xadmin.page.form.js HTTP/1.1" 200 1948
INFO 2019-08-07 17:49:08,501 basehttp 154 "GET /static/xadmin/js/xadmin.page.list.js HTTP/1.1" 200 1105
INFO 2019-08-07 17:49:08,518 basehttp 154 "GET /static/xadmin/vendor/jquery-ui/jquery.ui.core.js HTTP/1.1" 304 0
INFO 2019-08-07 17:49:08,522 basehttp 154 "GET /static/xadmin/vendor/jquery/jquery.js HTTP/1.1" 304 0
INFO 2019-08-07 17:49:08,523 basehttp 154 "GET /static/xadmin/vendor/jquery-ui/jquery.ui.widget.js HTTP/1.1" 304 0
INFO 2019-08-07 17:49:08,529 basehttp 154 "GET /static/xadmin/vendor/jquery-ui/jquery.ui.mouse.js HTTP/1.1" 304 0
INFO 2019-08-07 17:49:08,555 basehttp 154 "GET /static/xadmin/vendor/bootstrap/js/bootstrap.js HTTP/1.1" 304 0
INFO 2019-08-07 17:49:08,556 basehttp 154 "GET /static/xadmin/vendor/jquery-ui/jquery.ui.sortable.js HTTP/1.1" 304 0
INFO 2019-08-07 17:49:08,561 basehttp 154 "GET /static/xadmin/js/xadmin.main.js HTTP/1.1" 304 0
INFO 2019-08-07 17:49:08,581 basehttp 154 "GET /static/xadmin/js/xadmin.responsive.js HTTP/1.1" 304 0
INFO 2019-08-07 17:49:08,618 basehttp 154 "GET /static/xadmin/vendor/font-awesome/fonts/fontawesome-webfont.woff?v=4.0.3 HTTP/1.1" 304 0
INFO 2019-08-07 17:50:33,924 basehttp 154 "GET /xadmin/auth/user/ HTTP/1.1" 200 29380
INFO 2019-08-07 17:50:33,968 basehttp 154 "GET /xadmin/jsi18n/ HTTP/1.1" 200 7722
INFO 2019-08-07 17:50:46,129 basehttp 154 "GET /xadmin/ HTTP/1.1" 200 9820
INFO 2019-08-07 17:50:46,176 basehttp 154 "GET /xadmin/jsi18n/ HTTP/1.1" 200 7722
INFO 2019-08-07 17:50:48,201 basehttp 154 "GET /xadmin/ HTTP/1.1" 200 9820
INFO 2019-08-07 17:50:48,236 basehttp 154 "GET /static/xadmin/js/xadmin.plugin.portal.js HTTP/1.1" 304 0
INFO 2019-08-07 17:50:48,237 basehttp 154 "GET /static/xadmin/css/xadmin.page.dashboard.css HTTP/1.1" 304 0
INFO 2019-08-07 17:50:48,237 basehttp 154 "GET /static/xadmin/js/xadmin.page.dashboard.js HTTP/1.1" 304 0
INFO 2019-08-07 17:50:48,258 basehttp 154 "GET /xadmin/jsi18n/ HTTP/1.1" 200 7722
INFO 2019-08-07 17:51:07,682 autoreload 597 Watching for file changes with StatReloader
INFO 2019-08-07 17:51:12,369 basehttp 154 "GET /xadmin/ HTTP/1.1" 200 13229
INFO 2019-08-07 17:51:12,396 basehttp 154 "GET /static/xadmin/css/themes/bootstrap-xadmin.css HTTP/1.1" 304 0
INFO 2019-08-07 17:51:12,401 basehttp 154 "GET /static/xadmin/vendor/bootstrap/css/bootstrap.css HTTP/1.1" 304 0
INFO 2019-08-07 17:51:12,405 basehttp 154 "GET /static/xadmin/vendor/font-awesome/css/font-awesome.css HTTP/1.1" 304 0
INFO 2019-08-07 17:51:12,426 basehttp 154 "GET /static/xadmin/css/xadmin.plugins.css HTTP/1.1" 304 0
INFO 2019-08-07 17:51:12,430 basehttp 154 "GET /static/xadmin/vendor/jquery/jquery.js HTTP/1.1" 304 0
INFO 2019-08-07 17:51:12,440 basehttp 154 "GET /static/xadmin/css/xadmin.main.css HTTP/1.1" 304 0
INFO 2019-08-07 17:51:12,447 basehttp 154 "GET /static/xadmin/vendor/jquery-ui/jquery.ui.mouse.js HTTP/1.1" 304 0
INFO 2019-08-07 17:51:12,455 basehttp 154 "GET /static/xadmin/css/xadmin.responsive.css HTTP/1.1" 304 0
INFO 2019-08-07 17:51:12,456 basehttp 154 "GET /static/xadmin/vendor/jquery-ui/jquery.ui.widget.js HTTP/1.1" 304 0
INFO 2019-08-07 17:51:12,458 basehttp 154 "GET /xadmin/jsi18n/ HTTP/1.1" 200 7722
INFO 2019-08-07 17:51:12,460 basehttp 154 "GET /static/xadmin/vendor/jquery-ui/jquery.ui.sortable.js HTTP/1.1" 304 0
INFO 2019-08-07 17:51:12,463 basehttp 154 "GET /static/xadmin/vendor/jquery-ui/jquery.ui.core.js HTTP/1.1" 304 0
INFO 2019-08-07 17:51:12,481 basehttp 154 "GET /static/xadmin/vendor/bootstrap/js/bootstrap.js HTTP/1.1" 304 0
INFO 2019-08-07 17:51:12,495 basehttp 154 "GET /static/xadmin/js/xadmin.main.js HTTP/1.1" 304 0
INFO 2019-08-07 17:51:12,504 basehttp 154 "GET /static/xadmin/js/xadmin.responsive.js HTTP/1.1" 304 0
INFO 2019-08-07 17:51:12,510 basehttp 154 "GET /static/xadmin/vendor/jquery-ui/jquery.ui.effect.js HTTP/1.1" 200 31918
INFO 2019-08-07 17:51:12,517 basehttp 154 "GET /static/xadmin/vendor/font-awesome/fonts/fontawesome-webfont.woff?v=4.0.3 HTTP/1.1" 304 0
INFO 2019-08-07 17:51:12,518 basehttp 154 "GET /static/xadmin/js/xadmin.plugin.themes.js HTTP/1.1" 200 3489
INFO 2019-08-07 17:51:21,160 basehttp 154 "GET /xadmin/reversion/revision/ HTTP/1.1" 200 27869
INFO 2019-08-07 17:51:21,208 basehttp 154 "GET /static/xadmin/vendor/selectize/selectize.bootstrap3.css HTTP/1.1" 200 10602
INFO 2019-08-07 17:51:21,210 basehttp 154 "GET /static/xadmin/vendor/select2/select2.css HTTP/1.1" 200 19226
INFO 2019-08-07 17:51:21,216 basehttp 154 "GET /static/xadmin/vendor/bootstrap-datepicker/js/bootstrap-datepicker.js HTTP/1.1" 200 32656
INFO 2019-08-07 17:51:21,217 basehttp 154 "GET /static/xadmin/vendor/selectize/selectize.css HTTP/1.1" 200 8425
INFO 2019-08-07 17:51:21,217 basehttp 154 "GET /static/xadmin/vendor/bootstrap-datepicker/css/datepicker.css HTTP/1.1" 200 10225
INFO 2019-08-07 17:51:21,231 basehttp 154 "GET /static/xadmin/css/xadmin.form.css HTTP/1.1" 304 0
INFO 2019-08-07 17:51:21,239 basehttp 154 "GET /xadmin/jsi18n/ HTTP/1.1" 200 7722
INFO 2019-08-07 17:51:21,248 basehttp 154 "GET /static/xadmin/js/xadmin.widget.datetime.js HTTP/1.1" 200 2979
INFO 2019-08-07 17:51:21,250 basehttp 154 "GET /static/xadmin/vendor/selectize/selectize.js HTTP/1.1" 200 98602
INFO 2019-08-07 17:51:21,252 basehttp 154 "GET /static/xadmin/vendor/select2/select2.js HTTP/1.1" 200 104906
INFO 2019-08-07 17:51:21,257 basehttp 154 "GET /static/xadmin/js/xadmin.plugin.details.js HTTP/1.1" 304 0
INFO 2019-08-07 17:51:21,262 basehttp 154 "GET /static/xadmin/js/xadmin.widget.select.js HTTP/1.1" 200 1344
WARNING 2019-08-07 17:51:21,264 basehttp 154 "GET /static/xadmin/vendor/select2/select2_locale_zh-Hans.js HTTP/1.1" 404 1772
INFO 2019-08-07 17:51:21,267 basehttp 154 "GET /static/xadmin/js/xadmin.plugin.bookmark.js HTTP/1.1" 304 0
INFO 2019-08-07 17:51:21,274 basehttp 154 "GET /static/xadmin/js/xadmin.plugin.filters.js HTTP/1.1" 304 0
INFO 2019-08-07 17:51:21,276 basehttp 154 "GET /static/xadmin/js/xadmin.page.list.js HTTP/1.1" 304 0
INFO 2019-08-07 17:51:21,280 basehttp 154 "GET /static/xadmin/js/xadmin.page.form.js HTTP/1.1" 304 0
WARNING 2019-08-07 17:51:21,357 basehttp 154 "GET /static/xadmin/vendor/select2/select2_locale_zh-Hans.js HTTP/1.1" 404 1772
INFO 2019-08-07 17:51:22,943 basehttp 154 "GET /xadmin/reversion/revision/ HTTP/1.1" 200 27869
INFO 2019-08-07 17:51:22,991 basehttp 154 "GET /xadmin/jsi18n/ HTTP/1.1" 200 7722
WARNING 2019-08-07 17:51:22,993 basehttp 154 "GET /static/xadmin/vendor/select2/select2_locale_zh-Hans.js HTTP/1.1" 404 1772
WARNING 2019-08-07 17:51:23,090 basehttp 154 "GET /static/xadmin/vendor/select2/select2_locale_zh-Hans.js HTTP/1.1" 404 1772
INFO 2019-08-07 17:56:00,575 autoreload 597 Watching for file changes with StatReloader
INFO 2019-08-07 17:56:03,484 basehttp 154 "GET /xadmin/reversion/revision/ HTTP/1.1" 200 29012
INFO 2019-08-07 17:56:03,536 basehttp 154 "GET /static/xadmin/vendor/bootstrap/css/bootstrap.css HTTP/1.1" 304 0
INFO 2019-08-07 17:56:03,561 basehttp 154 "GET /static/xadmin/css/themes/bootstrap-xadmin.css HTTP/1.1" 304 0
INFO 2019-08-07 17:56:03,568 basehttp 154 "GET /static/xadmin/css/xadmin.plugins.css HTTP/1.1" 304 0
INFO 2019-08-07 17:56:03,575 basehttp 154 "GET /static/xadmin/vendor/font-awesome/css/font-awesome.css HTTP/1.1" 304 0
INFO 2019-08-07 17:56:03,602 basehttp 154 "GET /static/xadmin/css/xadmin.responsive.css HTTP/1.1" 304 0
INFO 2019-08-07 17:56:03,605 basehttp 154 "GET /static/xadmin/css/xadmin.form.css HTTP/1.1" 304 0
WARNING 2019-08-07 17:56:03,609 basehttp 154 "GET /static/xadmin/vendor/select2/select2_locale_zh-Hans.js HTTP/1.1" 404 1772
INFO 2019-08-07 17:56:03,617 basehttp 154 "GET /xadmin/jsi18n/ HTTP/1.1" 200 7722
INFO 2019-08-07 17:56:03,633 basehttp 154 "GET /static/xadmin/vendor/selectize/selectize.css HTTP/1.1" 304 0
INFO 2019-08-07 17:56:03,634 basehttp 154 "GET /static/xadmin/vendor/jquery/jquery.js HTTP/1.1" 304 0
INFO 2019-08-07 17:56:03,635 basehttp 154 "GET /static/xadmin/vendor/select2/select2.css HTTP/1.1" 304 0
INFO 2019-08-07 17:56:03,635 basehttp 154 "GET /static/xadmin/vendor/selectize/selectize.bootstrap3.css HTTP/1.1" 304 0
INFO 2019-08-07 17:56:03,637 basehttp 154 "GET /static/xadmin/css/xadmin.main.css HTTP/1.1" 304 0
INFO 2019-08-07 17:56:03,638 basehttp 154 "GET /static/xadmin/vendor/jquery-ui/jquery.ui.core.js HTTP/1.1" 304 0
INFO 2019-08-07 17:56:03,644 basehttp 154 "GET /static/xadmin/vendor/bootstrap-datepicker/css/datepicker.css HTTP/1.1" 304 0
INFO 2019-08-07 17:56:03,650 basehttp 154 "GET /static/xadmin/vendor/jquery-ui/jquery.ui.widget.js HTTP/1.1" 304 0
INFO 2019-08-07 17:56:03,678 basehttp 154 "GET /static/xadmin/vendor/jquery-ui/jquery.ui.mouse.js HTTP/1.1" 304 0
INFO 2019-08-07 17:56:03,682 basehttp 154 "GET /static/xadmin/vendor/jquery-ui/jquery.ui.sortable.js HTTP/1.1" 304 0
INFO 2019-08-07 17:56:03,684 basehttp 154 "GET /static/xadmin/vendor/bootstrap/js/bootstrap.js HTTP/1.1" 304 0
INFO 2019-08-07 17:56:03,695 basehttp 154 "GET /static/xadmin/js/xadmin.main.js HTTP/1.1" 304 0
INFO 2019-08-07 17:56:03,715 basehttp 154 "GET /static/xadmin/vendor/jquery-ui/jquery.ui.effect.js HTTP/1.1" 304 0
INFO 2019-08-07 17:56:03,716 basehttp 154 "GET /static/xadmin/js/xadmin.responsive.js HTTP/1.1" 304 0
INFO 2019-08-07 17:56:03,729 basehttp 154 "GET /static/xadmin/js/xadmin.plugin.details.js HTTP/1.1" 304 0
INFO 2019-08-07 17:56:03,732 basehttp 154 "GET /static/xadmin/js/xadmin.plugin.bookmark.js HTTP/1.1" 304 0
INFO 2019-08-07 17:56:03,735 basehttp 154 "GET /static/xadmin/vendor/font-awesome/fonts/fontawesome-webfont.woff?v=4.0.3 HTTP/1.1" 304 0
INFO 2019-08-07 17:56:03,738 basehttp 154 "GET /static/xadmin/vendor/bootstrap-datepicker/js/bootstrap-datepicker.js HTTP/1.1" 304 0
INFO 2019-08-07 17:56:03,776 basehttp 154 "GET /static/xadmin/vendor/selectize/selectize.js HTTP/1.1" 304 0
INFO 2019-08-07 17:56:03,801 basehttp 154 "GET /static/xadmin/js/xadmin.plugin.filters.js HTTP/1.1" 304 0
INFO 2019-08-07 17:56:03,811 basehttp 154 "GET /static/xadmin/vendor/select2/select2.js HTTP/1.1" 304 0
INFO 2019-08-07 17:56:03,813 basehttp 154 "GET /static/xadmin/js/xadmin.page.list.js HTTP/1.1" 304 0
INFO 2019-08-07 17:56:03,815 basehttp 154 "GET /static/xadmin/js/xadmin.plugin.themes.js HTTP/1.1" 304 0
INFO 2019-08-07 17:56:03,817 basehttp 154 "GET /static/xadmin/js/xadmin.widget.datetime.js HTTP/1.1" 304 0
INFO 2019-08-07 17:56:03,825 basehttp 154 "GET /static/xadmin/js/xadmin.page.form.js HTTP/1.1" 304 0
INFO 2019-08-07 17:56:03,848 basehttp 154 "GET /static/xadmin/js/xadmin.widget.select.js HTTP/1.1" 304 0
WARNING 2019-08-07 17:56:03,880 basehttp 154 "GET /static/xadmin/vendor/select2/select2_locale_zh-Hans.js HTTP/1.1" 404 1772
INFO 2019-08-07 17:56:07,122 basehttp 154 "GET /xadmin/home/bannerinfo/ HTTP/1.1" 200 24046
INFO 2019-08-07 17:56:07,167 basehttp 154 "GET /xadmin/jsi18n/ HTTP/1.1" 200 7722
INFO 2019-08-07 17:56:28,557 basehttp 154 "GET /xadmin/home/bannerinfo/add/ HTTP/1.1" 200 19732
INFO 2019-08-07 17:56:28,588 basehttp 154 "GET /static/xadmin/vendor/bootstrap-image-gallery/js/bootstrap-image-gallery.js HTTP/1.1" 200 15611
INFO 2019-08-07 17:56:28,588 basehttp 154 "GET /static/xadmin/vendor/load-image/load-image.js HTTP/1.1" 200 8309
INFO 2019-08-07 17:56:28,589 basehttp 154 "GET /static/xadmin/vendor/bootstrap-image-gallery/css/bootstrap-image-gallery.css HTTP/1.1" 200 3339
INFO 2019-08-07 17:56:28,593 basehttp 154 "GET /static/xadmin/js/xadmin.plugin.portal.js HTTP/1.1" 304 0
INFO 2019-08-07 17:56:28,601 basehttp 154 "GET /xadmin/jsi18n/ HTTP/1.1" 200 7722
INFO 2019-08-07 17:57:41,432 basehttp 154 "POST /xadmin/home/bannerinfo/add/ HTTP/1.1" 302 0
INFO 2019-08-07 17:57:41,517 basehttp 154 "GET /xadmin/home/bannerinfo/add/ HTTP/1.1" 200 20079
INFO 2019-08-07 17:57:41,603 basehttp 154 "GET /xadmin/jsi18n/ HTTP/1.1" 200 7722
INFO 2019-08-07 17:58:22,567 basehttp 154 "POST /xadmin/home/bannerinfo/add/ HTTP/1.1" 302 0
INFO 2019-08-07 17:58:22,662 basehttp 154 "GET /xadmin/home/bannerinfo/ HTTP/1.1" 200 28661
INFO 2019-08-07 17:58:22,761 basehttp 154 "GET /static/xadmin/js/xadmin.plugin.actions.js HTTP/1.1" 304 0
INFO 2019-08-07 17:58:22,761 basehttp 154 "GET /xadmin/jsi18n/ HTTP/1.1" 200 7722
INFO 2019-08-07 17:58:27,369 basehttp 154 "GET /xadmin/home/bannerinfo/ HTTP/1.1" 200 28362
INFO 2019-08-07 17:58:27,400 basehttp 154 "GET /xadmin/jsi18n/ HTTP/1.1" 200 7722
INFO 2019-08-07 17:58:42,837 basehttp 154 "GET /xadmin/home/bannerinfo/ HTTP/1.1" 200 28362
INFO 2019-08-07 17:58:42,866 basehttp 154 "GET /static/xadmin/css/themes/bootstrap-xadmin.css HTTP/1.1" 304 0
INFO 2019-08-07 17:58:42,875 basehttp 154 "GET /static/xadmin/css/xadmin.plugins.css HTTP/1.1" 304 0
INFO 2019-08-07 17:58:42,876 basehttp 154 "GET /static/xadmin/vendor/font-awesome/css/font-awesome.css HTTP/1.1" 304 0
INFO 2019-08-07 17:58:42,877 basehttp 154 "GET /static/xadmin/vendor/bootstrap/css/bootstrap.css HTTP/1.1" 304 0
INFO 2019-08-07 17:58:42,879 basehttp 154 "GET /static/xadmin/css/xadmin.form.css HTTP/1.1" 304 0
INFO 2019-08-07 17:58:42,884 basehttp 154 "GET /static/xadmin/vendor/jquery/jquery.js HTTP/1.1" 304 0
INFO 2019-08-07 17:58:42,885 basehttp 154 "GET /static/xadmin/css/xadmin.main.css HTTP/1.1" 304 0
INFO 2019-08-07 17:58:42,889 basehttp 154 "GET /static/xadmin/vendor/jquery-ui/jquery.ui.core.js HTTP/1.1" 304 0
INFO 2019-08-07 17:58:42,889 basehttp 154 "GET /static/xadmin/css/xadmin.responsive.css HTTP/1.1" 304 0
INFO 2019-08-07 17:58:42,891 basehttp 154 "GET /static/xadmin/vendor/jquery-ui/jquery.ui.widget.js HTTP/1.1" 304 0
INFO 2019-08-07 17:58:42,902 basehttp 154 "GET /xadmin/jsi18n/ HTTP/1.1" 200 7722
INFO 2019-08-07 17:58:42,918 basehttp 154 "GET /static/xadmin/vendor/jquery-ui/jquery.ui.mouse.js HTTP/1.1" 304 0
INFO 2019-08-07 17:58:42,925 basehttp 154 "GET /static/xadmin/vendor/jquery-ui/jquery.ui.sortable.js HTTP/1.1" 304 0
INFO 2019-08-07 17:58:42,943 basehttp 154 "GET /static/xadmin/vendor/bootstrap/js/bootstrap.js HTTP/1.1" 304 0
INFO 2019-08-07 17:58:42,947 basehttp 154 "GET /static/xadmin/vendor/jquery-ui/jquery.ui.effect.js HTTP/1.1" 304 0
INFO 2019-08-07 17:58:42,948 basehttp 154 "GET /static/xadmin/js/xadmin.main.js HTTP/1.1" 304 0
INFO 2019-08-07 17:58:42,949 basehttp 154 "GET /static/xadmin/js/xadmin.responsive.js HTTP/1.1" 304 0
INFO 2019-08-07 17:58:42,964 basehttp 154 "GET /static/xadmin/js/xadmin.plugin.details.js HTTP/1.1" 304 0
INFO 2019-08-07 17:58:42,969 basehttp 154 "GET /static/xadmin/vendor/font-awesome/fonts/fontawesome-webfont.woff?v=4.0.3 HTTP/1.1" 304 0
INFO 2019-08-07 17:58:42,990 basehttp 154 "GET /static/xadmin/js/xadmin.plugin.bookmark.js HTTP/1.1" 304 0
INFO 2019-08-07 17:58:43,004 basehttp 154 "GET /static/xadmin/js/xadmin.plugin.filters.js HTTP/1.1" 304 0
INFO 2019-08-07 17:58:43,008 basehttp 154 "GET /static/xadmin/js/xadmin.plugin.themes.js HTTP/1.1" 304 0
INFO 2019-08-07 17:58:43,013 basehttp 154 "GET /static/xadmin/js/xadmin.page.list.js HTTP/1.1" 304 0
INFO 2019-08-07 17:58:43,013 basehttp 154 "GET /static/xadmin/js/xadmin.page.form.js HTTP/1.1" 304 0
INFO 2019-08-07 18:01:02,575 autoreload 597 Watching for file changes with StatReloader
INFO 2019-08-07 18:01:10,249 basehttp 154 "GET /xadmin/home/bannerinfo/ HTTP/1.1" 200 28362
INFO 2019-08-07 18:01:10,292 basehttp 154 "GET /xadmin/jsi18n/ HTTP/1.1" 200 7722
INFO 2019-08-07 18:01:10,294 basehttp 154 "GET /static/xadmin/js/xadmin.plugin.actions.js HTTP/1.1" 304 0
INFO 2019-08-07 18:01:13,612 basehttp 154 "GET /xadmin/home/bannerinfo/ HTTP/1.1" 200 28362
INFO 2019-08-07 18:01:13,657 basehttp 154 "GET /xadmin/jsi18n/ HTTP/1.1" 200 7722
INFO 2019-08-07 18:03:28,312 basehttp 154 "GET / HTTP/1.1" 200 5601
INFO 2019-08-07 18:03:30,126 basehttp 154 "GET / HTTP/1.1" 200 5601
INFO 2019-08-07 18:05:39,304 autoreload 597 Watching for file changes with StatReloader
INFO 2019-08-07 18:05:49,987 basehttp 154 "GET /xadmin/home/bannerinfo/ HTTP/1.1" 200 28362
INFO 2019-08-07 18:05:50,130 basehttp 154 "GET /static/xadmin/vendor/bootstrap/css/bootstrap.css HTTP/1.1" 304 0
INFO 2019-08-07 18:05:50,143 basehttp 154 "GET /static/xadmin/vendor/font-awesome/css/font-awesome.css HTTP/1.1" 304 0
INFO 2019-08-07 18:05:50,146 basehttp 154 "GET /static/xadmin/css/xadmin.plugins.css HTTP/1.1" 304 0
INFO 2019-08-07 18:05:50,164 basehttp 154 "GET /xadmin/jsi18n/ HTTP/1.1" 200 7722
INFO 2019-08-07 18:05:50,166 basehttp 154 "GET /static/xadmin/css/xadmin.responsive.css HTTP/1.1" 304 0
INFO 2019-08-07 18:05:50,171 basehttp 154 "GET /static/xadmin/css/themes/bootstrap-xadmin.css HTTP/1.1" 304 0
INFO 2019-08-07 18:05:50,175 basehttp 154 "GET /static/xadmin/vendor/jquery/jquery.js HTTP/1.1" 304 0
INFO 2019-08-07 18:05:50,175 basehttp 154 "GET /static/xadmin/vendor/jquery-ui/jquery.ui.core.js HTTP/1.1" 304 0
INFO 2019-08-07 18:05:50,176 basehttp 154 "GET /static/xadmin/vendor/jquery-ui/jquery.ui.widget.js HTTP/1.1" 304 0
INFO 2019-08-07 18:05:50,176 basehttp 154 "GET /static/xadmin/css/xadmin.form.css HTTP/1.1" 304 0
INFO 2019-08-07 18:05:50,177 basehttp 154 "GET /static/xadmin/css/xadmin.main.css HTTP/1.1" 304 0
INFO 2019-08-07 18:05:50,179 basehttp 154 "GET /static/xadmin/vendor/jquery-ui/jquery.ui.mouse.js HTTP/1.1" 304 0
INFO 2019-08-07 18:05:50,204 basehttp 154 "GET /static/xadmin/vendor/jquery-ui/jquery.ui.sortable.js HTTP/1.1" 304 0
INFO 2019-08-07 18:05:50,238 basehttp 154 "GET /static/xadmin/vendor/bootstrap/js/bootstrap.js HTTP/1.1" 304 0
INFO 2019-08-07 18:05:50,240 basehttp 154 "GET /static/xadmin/vendor/jquery-ui/jquery.ui.effect.js HTTP/1.1" 304 0
INFO 2019-08-07 18:05:50,240 basehttp 154 "GET /static/xadmin/js/xadmin.responsive.js HTTP/1.1" 304 0
INFO 2019-08-07 18:05:50,241 basehttp 154 "GET /static/xadmin/js/xadmin.plugin.details.js HTTP/1.1" 304 0
INFO 2019-08-07 18:05:50,242 basehttp 154 "GET /static/xadmin/js/xadmin.main.js HTTP/1.1" 304 0
INFO 2019-08-07 18:05:50,254 basehttp 154 "GET /static/xadmin/js/xadmin.plugin.bookmark.js HTTP/1.1" 304 0
INFO 2019-08-07 18:05:50,277 basehttp 154 "GET /static/xadmin/js/xadmin.plugin.filters.js HTTP/1.1" 304 0
INFO 2019-08-07 18:05:50,282 basehttp 154 "GET /static/xadmin/js/xadmin.plugin.actions.js HTTP/1.1" 304 0
INFO 2019-08-07 18:05:50,292 basehttp 154 "GET /static/xadmin/js/xadmin.page.list.js HTTP/1.1" 304 0
INFO 2019-08-07 18:05:50,295 basehttp 154 "GET /static/xadmin/js/xadmin.plugin.themes.js HTTP/1.1" 304 0
INFO 2019-08-07 18:05:50,297 basehttp 154 "GET /static/xadmin/js/xadmin.page.form.js HTTP/1.1" 304 0
INFO 2019-08-07 18:05:50,302 basehttp 154 "GET /static/xadmin/vendor/font-awesome/fonts/fontawesome-webfont.woff?v=4.0.3 HTTP/1.1" 304 0
INFO 2019-08-07 18:05:50,776 basehttp 154 "GET /xadmin/home/bannerinfo/ HTTP/1.1" 200 28362
INFO 2019-08-07 18:05:50,823 basehttp 154 "GET /xadmin/jsi18n/ HTTP/1.1" 200 7722
INFO 2019-08-07 18:05:56,345 basehttp 154 "GET /xadmin/home/bannerinfo/ HTTP/1.1" 200 28362
INFO 2019-08-07 18:05:56,394 basehttp 154 "GET /xadmin/jsi18n/ HTTP/1.1" 200 7722
INFO 2019-08-07 18:06:06,766 basehttp 154 "GET / HTTP/1.1" 200 5601
INFO 2019-08-07 18:06:21,034 basehttp 154 "GET /xadmin/home/bannerinfo/1/update/ HTTP/1.1" 200 20238
INFO 2019-08-07 18:06:21,061 basehttp 154 "GET /static/xadmin/vendor/bootstrap-image-gallery/css/bootstrap-image-gallery.css HTTP/1.1" 304 0
INFO 2019-08-07 18:06:21,080 basehttp 154 "GET /static/xadmin/vendor/load-image/load-image.js HTTP/1.1" 304 0
INFO 2019-08-07 18:06:21,095 basehttp 154 "GET /media/banner/1.png HTTP/1.1" 200 361097
INFO 2019-08-07 18:06:21,096 basehttp 154 "GET /xadmin/jsi18n/ HTTP/1.1" 200 7722
INFO 2019-08-07 18:06:21,097 basehttp 154 "GET /static/xadmin/js/xadmin.plugin.portal.js HTTP/1.1" 304 0
INFO 2019-08-07 18:06:21,101 basehttp 154 "GET /static/xadmin/vendor/bootstrap-image-gallery/js/bootstrap-image-gallery.js HTTP/1.1" 304 0
INFO 2019-08-07 19:37:06,334 autoreload 217 /home/moluo/Desktop/luffycity/luffyapi/luffyapi/apps/home/urls.py changed, reloading.
INFO 2019-08-07 19:37:09,664 autoreload 597 Watching for file changes with StatReloader
WARNING 2019-08-07 19:37:32,037 log 228 Not Found: /
WARNING 2019-08-07 19:37:32,060 basehttp 154 "GET / HTTP/1.1" 404 2209
INFO 2019-08-07 19:41:06,125 basehttp 154 "GET /banner/ HTTP/1.1" 200 131
INFO 2019-08-07 19:44:03,150 basehttp 154 "GET /banner/ HTTP/1.1" 200 131
INFO 2019-08-07 19:44:33,275 basehttp 154 "GET /banner/ HTTP/1.1" 200 131
INFO 2019-08-07 19:49:19,239 basehttp 154 "GET /banner/ HTTP/1.1" 200 131
INFO 2019-08-07 19:49:52,137 basehttp 154 "GET /banner/ HTTP/1.1" 200 131
INFO 2019-08-07 19:50:52,106 basehttp 154 "GET /banner/ HTTP/1.1" 200 131
INFO 2019-08-07 19:50:52,296 basehttp 154 "GET /media/banner/1.png HTTP/1.1" 304 0
INFO 2019-08-07 19:50:52,298 basehttp 154 "GET /media/banner/2.jpeg HTTP/1.1" 200 199373
